[0m10:06:57.406717 [debug] [MainThread]: Sending event: {'category': 'dbt', 'action': 'invocation', 'label': 'start', 'context': [<snowplow_tracker.self_describing_json.SelfDescribingJson object at 0x10749a3f0>, <snowplow_tracker.self_describing_json.SelfDescribingJson object at 0x1075d35c0>, <snowplow_tracker.self_describing_json.SelfDescribingJson object at 0x1075d3260>]}


============================== 10:06:57.410027 | 718d8c40-0cbb-47ff-942c-247deac8d9b4 ==============================
[0m10:06:57.410027 [info ] [MainThread]: Running with dbt=1.9.4
[0m10:06:57.410372 [debug] [MainThread]: running dbt with arguments {'printer_width': '80', 'indirect_selection': 'eager', 'log_cache_events': 'False', 'write_json': 'True', 'partial_parse': 'True', 'cache_selected_only': 'False', 'profiles_dir': '/Users/sumitkamra/.dbt', 'version_check': 'True', 'debug': 'False', 'log_path': 'logs', 'warn_error': 'None', 'fail_fast': 'False', 'use_colors': 'True', 'use_experimental_parser': 'False', 'empty': 'None', 'quiet': 'False', 'no_print': 'None', 'warn_error_options': 'WarnErrorOptions(include=[], exclude=[])', 'invocation_command': 'dbt init', 'introspect': 'True', 'static_parser': 'True', 'target_path': 'None', 'log_format': 'default', 'send_anonymous_usage_stats': 'True'}
[0m10:06:57.417423 [warn ] [MainThread]: [ConfigFolderDirectory]: Unable to parse logging event dictionary. Failed to parse dir field: expected string or bytes-like object, got 'PosixPath'.. Dictionary: {'dir': PosixPath('/Users/sumitkamra/.dbt')}
[0m10:06:57.417634 [info ] [MainThread]: Creating dbt configuration folder at 
[0m10:07:15.530977 [debug] [MainThread]: Starter project path: /Users/sumitkamra/.pyenv/versions/3.12.9/envs/foundryAI_global/lib/python3.12/site-packages/dbt/include/starter_project
[0m10:07:15.541460 [info ] [MainThread]: 
Your new dbt project "dbt_101" was created!

For more information on how to configure the profiles.yml file,
please consult the dbt documentation here:

  https://docs.getdbt.com/docs/configure-your-profile

One more thing:

Need help? Don't hesitate to reach out to us via GitHub issues or on Slack:

  https://community.getdbt.com/

Happy modeling!

[0m10:07:15.542081 [info ] [MainThread]: Setting up your profile.
[0m10:15:52.396210 [info ] [MainThread]: Profile dbt_101 written to /Users/sumitkamra/.dbt/profiles.yml using target's profile_template.yml and your supplied values. Run 'dbt debug' to validate the connection.
[0m10:15:52.833352 [debug] [MainThread]: Resource report: {"command_name": "init", "command_success": true, "command_wall_clock_time": 535.4795, "process_in_blocks": "0", "process_kernel_time": 0.290454, "process_mem_max_rss": "184631296", "process_out_blocks": "0", "process_user_time": 1.282215}
[0m10:15:52.837481 [debug] [MainThread]: Command `dbt init` succeeded at 10:15:52.837152 after 535.48 seconds
[0m10:15:52.838860 [debug] [MainThread]: Sending event: {'category': 'dbt', 'action': 'invocation', 'label': 'end', 'context': [<snowplow_tracker.self_describing_json.SelfDescribingJson object at 0x101006de0>, <snowplow_tracker.self_describing_json.SelfDescribingJson object at 0x10bccdb50>, <snowplow_tracker.self_describing_json.SelfDescribingJson object at 0x10d7b5910>]}
[0m10:15:52.839646 [debug] [MainThread]: Flushing usage events
[0m10:15:54.149274 [debug] [MainThread]: An error was encountered while trying to flush usage events
